h ujik49/android-build/build/outputs/logs/manifest-merger-debug-report.txt
-- Merging decision tree log ---
manifest
ADDED from h ujik49\android-build\AndroidManifest.xml:2:1-82:12
	package
		ADDED from h ujik49\android-build\AndroidManifest.xml:2:11-43
	android:versionName
		ADDED from h ujik49\android-build\AndroidManifest.xml:2:103-128
		INJECTED from h ujik49\android-build\AndroidManifest.xml
		INJECTED from h ujik49\android-build\AndroidManifest.xml
	android:versionCode
		ADDED from h ujik49\android-build\AndroidManifest.xml:2:129-152
		INJECTED from h ujik49\android-build\AndroidManifest.xml
		INJECTED from h ujik49\android-build\AndroidManifest.xml
	xmlns:android
		ADDED from h ujik49\android-build\AndroidManifest.xml:2:44-102
	android:installLocation
		ADDED from h ujik49\android-build\AndroidManifest.xml:2:153-183
application
ADDED from h ujik49\android-build\AndroidManifest.xml:3:5-66:19
	android:label
		ADDED from h ujik49\android-build\AndroidManifest.xml:3:117-153
	android:hardwareAccelerated
		ADDED from h ujik49\android-build\AndroidManifest.xml:3:18-52
	android:icon
		ADDED from h ujik49\android-build\AndroidManifest.xml:3:154-183
	android:name
		ADDED from h ujik49\android-build\AndroidManifest.xml:3:53-116
activity#org.qtproject.qt5.android.bindings.QtActivity
ADDED from h ujik49\android-build\AndroidManifest.xml:4:9-62:16
	android:screenOrientation
		ADDED from h ujik49\android-build\AndroidManifest.xml:4:271-310
	android:label
		ADDED from h ujik49\android-build\AndroidManifest.xml:4:234-270
	android:launchMode
		ADDED from h ujik49\android-build\AndroidManifest.xml:4:311-341
	android:configChanges
		ADDED from h ujik49\android-build\AndroidManifest.xml:4:19-172
	android:name
		ADDED from h ujik49\android-build\AndroidManifest.xml:4:173-233
intent-filter#android.intent.action.MAIN+android.intent.category.LAUNCHER
ADDED from h ujik49\android-build\AndroidManifest.xml:5:13-8:29
action#android.intent.action.MAIN
ADDED from h ujik49\android-build\AndroidManifest.xml:6:17-68
	android:name
		ADDED from h ujik49\android-build\AndroidManifest.xml:6:25-66
category#android.intent.category.LAUNCHER
ADDED from h ujik49\android-build\AndroidManifest.xml:7:17-76
	android:name
		ADDED from h ujik49\android-build\AndroidManifest.xml:7:27-74
meta-data#android.app.lib_name
ADDED from h ujik49\android-build\AndroidManifest.xml:14:13-98
	android:value
		ADDED from h ujik49\android-build\AndroidManifest.xml:14:60-96
	android:name
		ADDED from h ujik49\android-build\AndroidManifest.xml:14:24-59
meta-data#android.app.qt_sources_resource_id
ADDED from h ujik49\android-build\AndroidManifest.xml:15:13-112
	android:resource
		ADDED from h ujik49\android-build\AndroidManifest.xml:15:74-110
	android:name
		ADDED from h ujik49\android-build\AndroidManifest.xml:15:24-73
meta-data#android.app.repository
ADDED from h ujik49\android-build\AndroidManifest.xml:16:13-87
	android:value
		ADDED from h ujik49\android-build\AndroidManifest.xml:16:62-85
	android:name
		ADDED from h ujik49\android-build\AndroidManifest.xml:16:24-61
meta-data#android.app.qt_libs_resource_id
ADDED from h ujik49\android-build\AndroidManifest.xml:17:13-106
	android:resource
		ADDED from h ujik49\android-build\AndroidManifest.xml:17:71-104
	android:name
		ADDED from h ujik49\android-build\AndroidManifest.xml:17:24-70
meta-data#android.app.bundled_libs_resource_id
ADDED from h ujik49\android-build\AndroidManifest.xml:18:13-116
	android:resource
		ADDED from h ujik49\android-build\AndroidManifest.xml:18:76-114
	android:name
		ADDED from h ujik49\android-build\AndroidManifest.xml:18:24-75
meta-data#android.app.bundle_local_qt_libs
ADDED from h ujik49\android-build\AndroidManifest.xml:20:13-91
	android:value
		ADDED from h ujik49\android-build\AndroidManifest.xml:20:72-89
	android:name
		ADDED from h ujik49\android-build\AndroidManifest.xml:20:24-71
meta-data#android.app.bundled_in_lib_resource_id
ADDED from h ujik49\android-build\AndroidManifest.xml:21:13-120
	android:resource
		ADDED from h ujik49\android-build\AndroidManifest.xml:21:78-118
	android:name
		ADDED from h ujik49\android-build\AndroidManifest.xml:21:24-77
meta-data#android.app.bundled_in_assets_resource_id
ADDED from h ujik49\android-build\AndroidManifest.xml:22:13-126
	android:resource
		ADDED from h ujik49\android-build\AndroidManifest.xml:22:81-124
	android:name
		ADDED from h ujik49\android-build\AndroidManifest.xml:22:24-80
meta-data#android.app.use_local_qt_libs
ADDED from h ujik49\android-build\AndroidManifest.xml:24:13-88
	android:value
		ADDED from h ujik49\android-build\AndroidManifest.xml:24:69-86
	android:name
		ADDED from h ujik49\android-build\AndroidManifest.xml:24:24-68
meta-data#android.app.libs_prefix
ADDED from h ujik49\android-build\AndroidManifest.xml:25:13-100
	android:value
		ADDED from h ujik49\android-build\AndroidManifest.xml:25:63-98
	android:name
		ADDED from h ujik49\android-build\AndroidManifest.xml:25:24-62
meta-data#android.app.load_local_libs
ADDED from h ujik49\android-build\AndroidManifest.xml:26:13-193
	android:value
		ADDED from h ujik49\android-build\AndroidManifest.xml:26:67-191
	android:name
		ADDED from h ujik49\android-build\AndroidManifest.xml:26:24-66
meta-data#android.app.load_local_jars
ADDED from h ujik49\android-build\AndroidManifest.xml:27:13-126
	android:value
		ADDED from h ujik49\android-build\AndroidManifest.xml:27:67-124
	android:name
		ADDED from h ujik49\android-build\AndroidManifest.xml:27:24-66
meta-data#android.app.static_init_classes
ADDED from h ujik49\android-build\AndroidManifest.xml:28:13-89
	android:value
		ADDED from h ujik49\android-build\AndroidManifest.xml:28:71-87
	android:name
		ADDED from h ujik49\android-build\AndroidManifest.xml:28:24-70
meta-data#android.app.ministro_not_found_msg
ADDED from h ujik49\android-build\AndroidManifest.xml:32:13-122
	android:value
		ADDED from h ujik49\android-build\AndroidManifest.xml:32:24-70
	android:name
		ADDED from h ujik49\android-build\AndroidManifest.xml:32:71-120
meta-data#android.app.ministro_needed_msg
ADDED from h ujik49\android-build\AndroidManifest.xml:33:13-116
	android:value
		ADDED from h ujik49\android-build\AndroidManifest.xml:33:24-67
	android:name
		ADDED from h ujik49\android-build\AndroidManifest.xml:33:68-114
meta-data#android.app.fatal_error_msg
ADDED from h ujik49\android-build\AndroidManifest.xml:34:13-108
	android:value
		ADDED from h ujik49\android-build\AndroidManifest.xml:34:24-63
	android:name
		ADDED from h ujik49\android-build\AndroidManifest.xml:34:64-106
meta-data#android.app.background_running
ADDED from h ujik49\android-build\AndroidManifest.xml:47:13-93
	android:value
		ADDED from h ujik49\android-build\AndroidManifest.xml:47:70-91
	android:name
		ADDED from h ujik49\android-build\AndroidManifest.xml:47:24-69
meta-data#android.app.auto_screen_scale_factor
ADDED from h ujik49\android-build\AndroidManifest.xml:51:13-99
	android:value
		ADDED from h ujik49\android-build\AndroidManifest.xml:51:76-97
	android:name
		ADDED from h ujik49\android-build\AndroidManifest.xml:51:24-75
meta-data#android.app.extract_android_style
ADDED from h ujik49\android-build\AndroidManifest.xml:60:13-95
	android:value
		ADDED from h ujik49\android-build\AndroidManifest.xml:60:73-93
	android:name
		ADDED from h ujik49\android-build\AndroidManifest.xml:60:24-72
uses-sdk
ADDED from h ujik49\android-build\AndroidManifest.xml:68:5-73
	android:targetSdkVersion
		ADDED from h ujik49\android-build\AndroidManifest.xml:68:42-71
	android:minSdkVersion
		ADDED from h ujik49\android-build\AndroidManifest.xml:68:15-41
supports-screens
ADDED from h ujik49\android-build\AndroidManifest.xml:69:5-135
	android:largeScreens
		ADDED from h ujik49\android-build\AndroidManifest.xml:69:23-50
	android:smallScreens
		ADDED from h ujik49\android-build\AndroidManifest.xml:69:106-133
	android:normalScreens
		ADDED from h ujik49\android-build\AndroidManifest.xml:69:51-79
	android:anyDensity
		ADDED from h ujik49\android-build\AndroidManifest.xml:69:80-105
uses-permission#android.permission.INTERNET
ADDED from h ujik49\android-build\AndroidManifest.xml:73:9-71
	android:name
		ADDED from h ujik49\android-build\AndroidManifest.xml:73:26-68
uses-permission#android.permission.WRITE_EXTERNAL_STORAGE
ADDED from h ujik49\android-build\AndroidManifest.xml:74:5-81
	android:name
		ADDED from h ujik49\android-build\AndroidManifest.xml:74:22-78
uses-permission#android.permission.ACCESS_NETWORK_STATE
ADDED from h ujik49\android-build\AndroidManifest.xml:75:5-79
	android:name
		ADDED from h ujik49\android-build\AndroidManifest.xml:75:22-76
uses-feature#0x00020000
ADDED from h ujik49\android-build\AndroidManifest.xml:80:9-82
	android:glEsVersion
		ADDED from h ujik49\android-build\AndroidManifest.xml:80:23-55
	android:required
		ADDED from h ujik49\android-build\AndroidManifest.xml:80:56-79